<?xml version="1.0" encoding="UTF-8"?>
<!-- Generated by org.testng.reporters.JUnitReportReporter -->
<testsuite skipped="0" hostname="ip-172-31-91-3" name="restAPI.DeleteRequest" tests="1" failures="0" timestamp="02 Dec 2021 05:21:09 GMT" time="1.055" errors="0">
  <testcase name="DeleteCall" time="1.055" classname="restAPI.DeleteRequest"/>
</testsuite> <!-- restAPI.DeleteRequest -->
