<?xml version="1.0" encoding="UTF-8"?>
<!-- Generated by org.testng.reporters.JUnitReportReporter -->
<testsuite skipped="0" hostname="ip-172-31-91-3" name="restAPI.PostRequest" tests="1" failures="0" timestamp="02 Dec 2021 04:09:48 GMT" time="1.309" errors="0">
  <testcase name="PostCall" time="1.309" classname="restAPI.PostRequest"/>
</testsuite> <!-- restAPI.PostRequest -->
