<?xml version="1.0" encoding="UTF-8"?>
<!-- Generated by org.testng.reporters.JUnitReportReporter -->
<testsuite skipped="0" hostname="ip-172-31-91-3" name="restApiBdd.GetRequest" tests="1" failures="0" timestamp="03 Dec 2021 03:47:24 GMT" time="2.101" errors="0">
  <testcase name="GetCall" time="2.101" classname="restApiBdd.GetRequest"/>
</testsuite> <!-- restApiBdd.GetRequest -->
