<?xml version="1.0" encoding="UTF-8"?>
<!-- Generated by org.testng.reporters.JUnitReportReporter -->
<testsuite skipped="0" hostname="ip-172-31-91-3" name="restAPI.GetRequestwithParam" tests="1" failures="0" timestamp="30 Nov 2021 07:04:42 GMT" time="2.145" errors="0">
  <testcase name="GetCall" time="2.145" classname="restAPI.GetRequestwithParam"/>
</testsuite> <!-- restAPI.GetRequestwithParam -->
