<?xml version="1.0" encoding="UTF-8"?>
<!-- Generated by org.testng.reporters.JUnitReportReporter -->
<testsuite skipped="0" hostname="ip-172-31-91-3" name="oAuth.OAuthRequest" tests="1" failures="0" timestamp="03 Dec 2021 04:26:31 GMT" time="2.501" errors="0">
  <testcase name="PostCall" time="2.501" classname="oAuth.OAuthRequest"/>
</testsuite> <!-- oAuth.OAuthRequest -->
