<?xml version="1.0" encoding="UTF-8"?>
<!-- Generated by org.testng.reporters.JUnitReportReporter -->
<testsuite skipped="0" hostname="ip-172-31-91-3" name="restApiBdd.PostRequest" tests="1" failures="0" timestamp="03 Dec 2021 04:01:14 GMT" time="1.761" errors="0">
  <testcase name="PostCall" time="1.761" classname="restApiBdd.PostRequest"/>
</testsuite> <!-- restApiBdd.PostRequest -->
