<?xml version="1.0" encoding="UTF-8"?>
<!-- Generated by org.testng.reporters.JUnitReportReporter -->
<testsuite skipped="0" hostname="ip-172-31-91-3" name="restAPI.GetRequest" tests="1" failures="0" timestamp="03 Dec 2021 04:04:38 GMT" time="2.086" errors="0">
  <testcase name="GetCall" time="2.086" classname="restAPI.GetRequest"/>
</testsuite> <!-- restAPI.GetRequest -->
