<?xml version="1.0" encoding="UTF-8"?>
<!-- Generated by org.testng.reporters.JUnitReportReporter -->
<testsuite skipped="0" hostname="ip-172-31-91-3" name="restApiBdd.DeleteRequest" tests="1" failures="0" timestamp="03 Dec 2021 04:09:09 GMT" time="1.179" errors="0">
  <testcase name="DeleteCall" time="1.179" classname="restApiBdd.DeleteRequest"/>
</testsuite> <!-- restApiBdd.DeleteRequest -->
