<?xml version="1.0" encoding="UTF-8"?>
<!-- Generated by org.testng.reporters.JUnitReportReporter -->
<testsuite skipped="0" hostname="ip-172-31-91-3" name="restAPIChaining.EndToEndTest" tests="1" failures="0" timestamp="02 Dec 2021 06:58:32 GMT" time="2.077" errors="0">
  <testcase name="test1" time="2.077" classname="restAPIChaining.EndToEndTest"/>
</testsuite> <!-- restAPIChaining.EndToEndTest -->
